\BOOKMARK [1][]{section.1}{1 Introduction}{}% 1
\BOOKMARK [1][]{section.2}{2 Printed Circuit Board Assembly}{}% 2
\BOOKMARK [2][]{subsection.2.1}{2.1 Teensy 3.2}{section.2}% 3
\BOOKMARK [3][]{subsubsection.2.1.1}{2.1.1 Assembly Steps}{subsection.2.1}% 4
\BOOKMARK [3][]{subsubsection.2.1.2}{2.1.2 Required Materials}{subsection.2.1}% 5
\BOOKMARK [3][]{subsubsection.2.1.3}{2.1.3 Creating Perpendicular Solder Points and the First Solder Pass}{subsection.2.1}% 6
\BOOKMARK [3][]{subsubsection.2.1.4}{2.1.4 Soldering the Surface Mount Headers}{subsection.2.1}% 7
\BOOKMARK [3][]{subsubsection.2.1.5}{2.1.5 Finishing Soldering the Teensy}{subsection.2.1}% 8
\BOOKMARK [2][]{subsection.2.2}{2.2 Pololu Carrier with Sharp GP2Y0A60SZLF Analog Distance Sensor}{section.2}% 9
\BOOKMARK [3][]{subsubsection.2.2.1}{2.2.1 Assembly Steps}{subsection.2.2}% 10
\BOOKMARK [3][]{subsubsection.2.2.2}{2.2.2 Required Materials}{subsection.2.2}% 11
\BOOKMARK [3][]{subsubsection.2.2.3}{2.2.3 Cutting the Pololu Carrying Board}{subsection.2.2}% 12
\BOOKMARK [3][]{subsubsection.2.2.4}{2.2.4 Soldering the Header Pins}{subsection.2.2}% 13
\BOOKMARK [2][]{subsection.2.3}{2.3 Populating the GRITSBot X Main PCB}{section.2}% 14
\BOOKMARK [3][]{subsubsection.2.3.1}{2.3.1 Assembly Steps}{subsection.2.3}% 15
\BOOKMARK [3][]{subsubsection.2.3.2}{2.3.2 Required Materials}{subsection.2.3}% 16
\BOOKMARK [3][]{subsubsection.2.3.3}{2.3.3 Soldering the Top Through Hole Components}{subsection.2.3}% 17
\BOOKMARK [3][]{subsubsection.2.3.4}{2.3.4 Soldering the Motor and Encoder Leads}{subsection.2.3}% 18
\BOOKMARK [3][]{subsubsection.2.3.5}{2.3.5 Soldering the IR Sensors}{subsection.2.3}% 19
\BOOKMARK [2][]{subsection.2.4}{2.4 Wire Leads to the Raspberry Pi Zero W}{section.2}% 20
\BOOKMARK [1][]{section.3}{3 Chassis Assembly}{}% 21
\BOOKMARK [2][]{subsection.3.1}{3.1 Laser Cutting the Chassis}{section.3}% 22
\BOOKMARK [2][]{subsection.3.2}{3.2 Assembling the Base}{section.3}% 23
\BOOKMARK [3][]{subsubsection.3.2.1}{3.2.1 Assembly Steps}{subsection.3.2}% 24
\BOOKMARK [3][]{subsubsection.3.2.2}{3.2.2 Required Materials}{subsection.3.2}% 25
\BOOKMARK [3][]{subsubsection.3.2.3}{3.2.3 Motor and Wheel Assembly}{subsection.3.2}% 26
\BOOKMARK [3][]{subsubsection.3.2.4}{3.2.4 Tamiya Caster Ball Assembly}{subsection.3.2}% 27
\BOOKMARK [3][]{subsubsection.3.2.5}{3.2.5 Attaching the Motors and Caster to the Base Plate}{subsection.3.2}% 28
\BOOKMARK [2][]{subsection.3.3}{3.3 Putting Together the Battery Bracket}{section.3}% 29
\BOOKMARK [3][]{subsubsection.3.3.1}{3.3.1 Assembly Steps}{subsection.3.3}% 30
\BOOKMARK [3][]{subsubsection.3.3.2}{3.3.2 Required Materials}{subsection.3.3}% 31
\BOOKMARK [3][]{subsubsection.3.3.3}{3.3.3 Snapping Together the Battery Box}{subsection.3.3}% 32
\BOOKMARK [3][]{subsubsection.3.3.4}{3.3.4 Attaching the Mounting Spacers}{subsection.3.3}% 33
\BOOKMARK [2][]{subsection.3.4}{3.4 Attaching the Cassis Base, Battery Bracket, and PCB}{section.3}% 34
\BOOKMARK [3][]{subsubsection.3.4.1}{3.4.1 Assembly Steps}{subsection.3.4}% 35
\BOOKMARK [3][]{subsubsection.3.4.2}{3.4.2 Required Materials}{subsection.3.4}% 36
\BOOKMARK [3][]{subsubsection.3.4.3}{3.4.3 Attaching the Battery Box to the Chassis Base}{subsection.3.4}% 37
\BOOKMARK [3][]{subsubsection.3.4.4}{3.4.4 Attaching the PCB}{subsection.3.4}% 38
\BOOKMARK [2][]{subsection.3.5}{3.5 Assembling and Attaching the Chassis Cover}{section.3}% 39
\BOOKMARK [3][]{subsubsection.3.5.1}{3.5.1 Assembly Steps}{subsection.3.5}% 40
\BOOKMARK [3][]{subsubsection.3.5.2}{3.5.2 Required Materials}{subsection.3.5}% 41
\BOOKMARK [3][]{subsubsection.3.5.3}{3.5.3 Attaching the Peripheral Circuit Boards to the Top Chassis}{subsection.3.5}% 42
\BOOKMARK [3][]{subsubsection.3.5.4}{3.5.4 Attaching the Chassis Cover to the Base Chassis}{subsection.3.5}% 43
\BOOKMARK [2][]{subsection.3.6}{3.6 The Final Touches}{section.3}% 44
\BOOKMARK [3][]{subsubsection.3.6.1}{3.6.1 Assembly Steps}{subsection.3.6}% 45
\BOOKMARK [3][]{subsubsection.3.6.2}{3.6.2 Required Materials}{subsection.3.6}% 46
\BOOKMARK [3][]{subsubsection.3.6.3}{3.6.3 Attaching Periferal Electronics}{subsection.3.6}% 47
\BOOKMARK [3][]{subsubsection.3.6.4}{3.6.4 Attaching the Wireless Charger}{subsection.3.6}% 48
\BOOKMARK [3][]{subsubsection.3.6.5}{3.6.5 CELEBRATE!}{subsection.3.6}% 49
